<?xml version="1.0" encoding="UTF-8"?>
<!-- Generated by org.testng.reporters.JUnitXMLReporter -->
<testsuite hostname="ATMECSINLT-085" ignored="0" name="VerifyProductAndCartTest" tests="2" failures="1" timestamp="13 Nov 2019 15:20:18 GMT" time="0.07" errors="0">
  <testcase name="@BeforeTest baseSetup" time="0.0" classname="com.atmecs.jenkins_parameter.testbase.TestBase">
    <failure type="org.testng.TestNGException" message="
Parameter &amp;apos;Browser&amp;apos; is required by BeforeTest on method baseSetup but has not been marked @Optional or defined
in C:\Users\ajith.periyasamy\AssessmentTwo\jenkins_parameter\src\test\resources\suitefiles\ninjaStoreSuite.xml">
      <![CDATA[org.testng.TestNGException: 
Parameter 'Browser' is required by BeforeTest on method baseSetup but has not been marked @Optional or defined
in C:\Users\ajith.periyasamy\AssessmentTwo\jenkins_parameter\src\test\resources\suitefiles\ninjaStoreSuite.xml
... Removed 26 stack frames]]>
    </failure>
  </testcase> <!-- @BeforeTest baseSetup -->
  <testcase name="@BeforeClass webURLLoader" time="0.0" classname="com.atmecs.jenkins_parameter.testscripts.TestVerifyNinjaStore">
    <skipped/>
  </testcase> <!-- @BeforeClass webURLLoader -->
  <testcase name="@AfterTest endDriver" time="0.0" classname="com.atmecs.jenkins_parameter.testbase.TestBase">
    <skipped/>
  </testcase> <!-- @AfterTest endDriver -->
  <testcase name="verifyNinjaStore" time="0.0" classname="com.atmecs.jenkins_parameter.testscripts.TestVerifyNinjaStore">
    <skipped/>
  </testcase> <!-- verifyNinjaStore -->
  <testcase name="verifyNinjaStore" time="0.022" classname="com.atmecs.jenkins_parameter.testscripts.TestVerifyNinjaStore">
    <failure type="java.lang.NullPointerException">
      <![CDATA[java.lang.NullPointerException
at com.atmecs.jenkins_parameter.extentreport.ExtentReportGenerater.onTestSkipped(ExtentReportGenerater.java:75)
... Removed 28 stack frames]]>
    </failure>
  </testcase> <!-- verifyNinjaStore -->
</testsuite> <!-- VerifyProductAndCartTest -->
